<?xml version="1.0" encoding="UTF-8"?>
<!-- Generated by org.testng.reporters.JUnitXMLReporter -->
<testsuite ignored="0" hostname="DESKTOP-MOLJQRB" failures="0" tests="3" name="SubmitOrder Test" time="25.743" errors="0" timestamp="2024-07-06T15:54:40 IST">
  <testcase classname="rahulshettyacademy.Tests.SubmitOrderTest" name="submitOrder" time="5.515"/>
  <testcase classname="rahulshettyacademy.Tests.SubmitOrderTest" name="submitOrder" time="5.541"/>
  <testcase classname="rahulshettyacademy.Tests.SubmitOrderTest" name="orderHistoryPage" time="1.095"/>
</testsuite> <!-- SubmitOrder Test -->
