<?xml version="1.0" encoding="UTF-8"?>
<!-- Generated by org.testng.reporters.JUnitXMLReporter -->
<testsuite ignored="2" hostname="DESKTOP-MOLJQRB" failures="0" tests="0" time="0.02" errors="0" timestamp="2024-07-08T15:46:50 IST">
  <testcase classname="rahulshettyacademy.Tests.SubmitOrderTest" name="orderHistoryPage" time="0.0">
    <ignored/>
  </testcase> <!-- orderHistoryPage -->
  <testcase classname="rahulshettyacademy.Tests.SubmitOrderTest" name="submitOrder" time="0.0">
    <ignored/>
  </testcase> <!-- submitOrder -->
</testsuite>
