<?xml version="1.0" encoding="UTF-8"?>
<testng-results ignored="0" total="1" passed="1" failed="0" skipped="0">
  <reporter-output>
  </reporter-output>
  <suite started-at="2024-07-08T15:46:50 IST" name="Suite" finished-at="2024-07-08T15:46:59 IST" duration-ms="8644">
    <groups>
      <group name="ErrorHandling">
        <method signature="ErrorValidationsTest.loginErrorValidation()[pri:0, instance:rahulshettyacademy.Tests.ErrorValidationsTest@55183b20]" name="loginErrorValidation" class="rahulshettyacademy.Tests.ErrorValidationsTest"/>
      </group> <!-- ErrorHandling -->
    </groups>
    <test started-at="2024-07-08T15:46:50 IST" name="SubmitOrder Test" finished-at="2024-07-08T15:46:50 IST" duration-ms="20">
    </test> <!-- SubmitOrder Test -->
    <test started-at="2024-07-08T15:46:50 IST" name="ErrorValidations Test" finished-at="2024-07-08T15:46:59 IST" duration-ms="8524">
      <class name="rahulshettyacademy.Tests.ErrorValidationsTest">
        <test-method is-config="true" signature="launchApplication()[pri:0, instance:rahulshettyacademy.Tests.ErrorValidationsTest@55183b20]" started-at="2024-07-08T15:46:50 IST" name="launchApplication" finished-at="2024-07-08T15:46:58 IST" duration-ms="7602" status="PASS">
          <reporter-output>
          </reporter-output>
        </test-method> <!-- launchApplication -->
        <test-method signature="loginErrorValidation()[pri:0, instance:rahulshettyacademy.Tests.ErrorValidationsTest@55183b20]" started-at="2024-07-08T15:46:58 IST" name="loginErrorValidation" finished-at="2024-07-08T15:46:58 IST" duration-ms="713" status="PASS">
          <reporter-output>
          </reporter-output>
        </test-method> <!-- loginErrorValidation -->
        <test-method is-config="true" signature="tearDown()[pri:0, instance:rahulshettyacademy.Tests.ErrorValidationsTest@55183b20]" started-at="2024-07-08T15:46:58 IST" name="tearDown" finished-at="2024-07-08T15:46:59 IST" duration-ms="129" status="PASS">
          <reporter-output>
          </reporter-output>
        </test-method> <!-- tearDown -->
      </class> <!-- rahulshettyacademy.Tests.ErrorValidationsTest -->
    </test> <!-- ErrorValidations Test -->
  </suite> <!-- Suite -->
</testng-results>
